  Camera.cpp
  A08_Camera_Class.vcxproj -> Z:\IGMProfile\Documents\GitHub\HexMechs\Z_DELETE\A08_Camera_ClassD.exe
  A08_Camera_Class.vcxproj -> Z:\IGMProfile\Documents\GitHub\HexMechs\Z_DELETE\A08_Camera_ClassD.pdb (Full PDB)
  A subdirectory or file Z:\IGMProfile\Documents\GitHub\HexMechs\_Binary\ already exists.
  Z:\IGMProfile\Documents\GitHub\HexMechs\include\GL\bin\glew32.dll
  Z:\IGMProfile\Documents\GitHub\HexMechs\include\GL\bin\glut32.dll
  2 File(s) copied
  Z:\IGMProfile\Documents\GitHub\HexMechs\include\RE\bin\2015\ReEng_VS15.dll
  Z:\IGMProfile\Documents\GitHub\HexMechs\include\RE\bin\2015\ReEng_VS15_d.dll
  2 File(s) copied
  Z:\IGMProfile\Documents\GitHub\HexMechs\include\SFML\bin\sfml-system-2.dll
  1 File(s) copied
  Z:\IGMProfile\Documents\GitHub\HexMechs\include\SFML\bin\sfml-window-2.dll
  1 File(s) copied
  A subdirectory or file Z:\IGMProfile\Documents\GitHub\HexMechs\_Binary\Shaders\ already exists.
  Z:\IGMProfile\Documents\GitHub\HexMechs\include\RE\Shaders\Basic.fs
  Z:\IGMProfile\Documents\GitHub\HexMechs\include\RE\Shaders\Basic.vs
  Z:\IGMProfile\Documents\GitHub\HexMechs\include\RE\Shaders\BasicColor.fs
  Z:\IGMProfile\Documents\GitHub\HexMechs\include\RE\Shaders\BasicColor.vs
  Z:\IGMProfile\Documents\GitHub\HexMechs\include\RE\Shaders\Color.fs
  Z:\IGMProfile\Documents\GitHub\HexMechs\include\RE\Shaders\Color.vs
  Z:\IGMProfile\Documents\GitHub\HexMechs\include\RE\Shaders\PassThrough.fs
  Z:\IGMProfile\Documents\GitHub\HexMechs\include\RE\Shaders\PassThrough.vs
  Z:\IGMProfile\Documents\GitHub\HexMechs\include\RE\Shaders\Phong.fs
  Z:\IGMProfile\Documents\GitHub\HexMechs\include\RE\Shaders\Phong.vs
  Z:\IGMProfile\Documents\GitHub\HexMechs\include\RE\Shaders\REShader.fs
  Z:\IGMProfile\Documents\GitHub\HexMechs\include\RE\Shaders\REShader.vs
  Z:\IGMProfile\Documents\GitHub\HexMechs\include\RE\Shaders\REShaderInv.fs
  Z:\IGMProfile\Documents\GitHub\HexMechs\include\RE\Shaders\REShaderMC.fs
  Z:\IGMProfile\Documents\GitHub\HexMechs\include\RE\Shaders\Skybox.fs
  Z:\IGMProfile\Documents\GitHub\HexMechs\include\RE\Shaders\Skybox.vs
  Z:\IGMProfile\Documents\GitHub\HexMechs\include\RE\Shaders\Test.fs
  Z:\IGMProfile\Documents\GitHub\HexMechs\include\RE\Shaders\Test.vs
  Z:\IGMProfile\Documents\GitHub\HexMechs\include\RE\Shaders\TextShader.fs
  Z:\IGMProfile\Documents\GitHub\HexMechs\include\RE\Shaders\TextShader.vs
  20 File(s) copied
